Using pre-set license
Built from '2022.3/staging' branch; Version is '2022.3.1f1 (f18e0c1b5784) revision 15830540'; Using compiler version '192829333'; Build Type 'Release'
OS: 'Windows 11  (10.0.22621) 64bit Professional' Language: 'ru' Physical Memory: 32449 MB
BatchMode: 1, IsHumanControllingUs: 0, StartBugReporterOnCrash: 0, Is64bit: 1, IsPro: 1

COMMAND LINE ARGUMENTS:
C:\New Programs\Unity Engine\2022.3.1f1\Editor\Unity.exe
-adb2
-batchMode
-noUpm
-name
AssetImportWorker6
-projectPath
C:/New Programs/Unity Projects (Git)/SushiMast/SushiMast
-logFile
Logs/AssetImportWorker6.log
-srvPort
54086
Successfully changed project path to: C:/New Programs/Unity Projects (Git)/SushiMast/SushiMast
C:/New Programs/Unity Projects (Git)/SushiMast/SushiMast
[UnityMemory] Configuration Parameters - Can be set up in boot.config
    "memorysetup-bucket-allocator-granularity=16"
    "memorysetup-bucket-allocator-bucket-count=8"
    "memorysetup-bucket-allocator-block-size=33554432"
    "memorysetup-bucket-allocator-block-count=8"
    "memorysetup-main-allocator-block-size=16777216"
    "memorysetup-thread-allocator-block-size=16777216"
    "memorysetup-gfx-main-allocator-block-size=16777216"
    "memorysetup-gfx-thread-allocator-block-size=16777216"
    "memorysetup-cache-allocator-block-size=4194304"
    "memorysetup-typetree-allocator-block-size=2097152"
    "memorysetup-profiler-bucket-allocator-granularity=16"
    "memorysetup-profiler-bucket-allocator-bucket-count=8"
    "memorysetup-profiler-bucket-allocator-block-size=33554432"
    "memorysetup-profiler-bucket-allocator-block-count=8"
    "memorysetup-profiler-allocator-block-size=16777216"
    "memorysetup-profiler-editor-allocator-block-size=1048576"
    "memorysetup-temp-allocator-size-main=16777216"
    "memorysetup-job-temp-allocator-block-size=2097152"
    "memorysetup-job-temp-allocator-block-size-background=1048576"
    "memorysetup-job-temp-allocator-reduction-small-platforms=262144"
    "memorysetup-allocator-temp-initial-block-size-main=262144"
    "memorysetup-allocator-temp-initial-block-size-worker=262144"
    "memorysetup-temp-allocator-size-background-worker=32768"
    "memorysetup-temp-allocator-size-job-worker=262144"
    "memorysetup-temp-allocator-size-preload-manager=33554432"
    "memorysetup-temp-allocator-size-nav-mesh-worker=65536"
    "memorysetup-temp-allocator-size-audio-worker=65536"
    "memorysetup-temp-allocator-size-cloud-worker=32768"
    "memorysetup-temp-allocator-size-gi-baking-worker=262144"
    "memorysetup-temp-allocator-size-gfx=262144"
Player connection [19056] Host "[IP] 10.0.5.244 [Port] 0 [Flags] 2 [Guid] 2773960449 [EditorId] 2773960449 [Version] 1048832 [Id] WindowsEditor(7,DESKTOP-MPH1GL2) [Debug] 1 [PackageName] WindowsEditor [ProjectName] Editor" joined multi-casting on [225.0.0.222:54997]...

Player connection [19056] Host "[IP] 10.0.5.244 [Port] 0 [Flags] 2 [Guid] 2773960449 [EditorId] 2773960449 [Version] 1048832 [Id] WindowsEditor(7,DESKTOP-MPH1GL2) [Debug] 1 [PackageName] WindowsEditor [ProjectName] Editor" joined alternative multi-casting on [225.0.0.222:34997]...

Refreshing native plugins compatible for Editor in 7.79 ms, found 3 plugins.
Preloading 0 native plugins for Editor in 0.00 ms.
Initialize engine version: 2022.3.1f1 (f18e0c1b5784)
[Subsystems] Discovering subsystems at path C:/New Programs/Unity Engine/2022.3.1f1/Editor/Data/Resources/UnitySubsystems
[Subsystems] Discovering subsystems at path C:/New Programs/Unity Projects (Git)/SushiMast/SushiMast/Assets
GfxDevice: creating device client; threaded=0; jobified=0
Direct3D:
    Version:  Direct3D 11.0 [level 11.1]
    Renderer: Intel(R) UHD Graphics 630 (ID=0x3e9b)
    Vendor:   Intel
    VRAM:     16224 MB
    Driver:   31.0.101.2111
Initialize mono
Mono path[0] = 'C:/New Programs/Unity Engine/2022.3.1f1/Editor/Data/Managed'
Mono path[1] = 'C:/New Programs/Unity Engine/2022.3.1f1/Editor/Data/MonoBleedingEdge/lib/mono/unityjit-win32'
Mono config path = 'C:/New Programs/Unity Engine/2022.3.1f1/Editor/Data/MonoBleedingEdge/etc'
Using monoOptions --debugger-agent=transport=dt_socket,embedding=1,server=y,suspend=n,address=127.0.0.1:56304
Begin MonoManager ReloadAssembly
Registering precompiled unity dll's ...
Register platform support module: C:/New Programs/Unity Engine/2022.3.1f1/Editor/Data/PlaybackEngines/WebGLSupport/UnityEditor.WebGL.Extensions.dll
Register platform support module: C:/New Programs/Unity Engine/2022.3.1f1/Editor/Data/PlaybackEngines/AndroidPlayer/UnityEditor.Android.Extensions.dll
Register platform support module: C:/New Programs/Unity Engine/2022.3.1f1/Editor/Data/PlaybackEngines/iOSSupport/UnityEditor.iOS.Extensions.dll
Register platform support module: C:/New Programs/Unity Engine/2022.3.1f1/Editor/Data/PlaybackEngines/WindowsStandaloneSupport/UnityEditor.WindowsStandalone.Extensions.dll
Registered in 0.009556 seconds.
- Loaded All Assemblies, in  0.399 seconds
Native extension for WindowsStandalone target not found
[usbmuxd] Start listen thread
[usbmuxd] Listen thread started
Native extension for iOS target not found
Native extension for Android target not found
Android Extension - Scanning For ADB Devices 359 ms
Native extension for WebGL target not found
Mono: successfully reloaded assembly
- Finished resetting the current domain, in  0.736 seconds
Domain Reload Profiling: 1134ms
	BeginReloadAssembly (94ms)
		ExecutionOrderSort (0ms)
		DisableScriptedObjects (0ms)
		BackupInstance (0ms)
		ReleaseScriptingObjects (0ms)
		CreateAndSetChildDomain (1ms)
	RebuildCommonClasses (41ms)
	RebuildNativeTypeToScriptingClass (13ms)
	initialDomainReloadingComplete (70ms)
	LoadAllAssembliesAndSetupDomain (180ms)
		LoadAssemblies (93ms)
		RebuildTransferFunctionScriptingTraits (0ms)
		AnalyzeDomain (174ms)
			TypeCache.Refresh (173ms)
				TypeCache.ScanAssembly (159ms)
			ScanForSourceGeneratedMonoScriptInfo (0ms)
			ResolveRequiredComponents (1ms)
	FinalizeReload (737ms)
		ReleaseScriptCaches (0ms)
		RebuildScriptCaches (0ms)
		SetupLoadedEditorAssemblies (667ms)
			LogAssemblyErrors (0ms)
			InitializePlatformSupportModulesInManaged (495ms)
			SetLoadedEditorAssemblies (4ms)
			RefreshPlugins (0ms)
			BeforeProcessingInitializeOnLoad (2ms)
			ProcessInitializeOnLoadAttributes (113ms)
			ProcessInitializeOnLoadMethodAttributes (52ms)
			AfterProcessingInitializeOnLoad (0ms)
			EditorAssembliesLoaded (0ms)
		ExecutionOrderSort2 (0ms)
		AwakeInstancesAfterBackupRestoration (0ms)
========================================================================
Worker process is ready to serve import requests
Begin MonoManager ReloadAssembly
Symbol file LoadedFromMemory doesn't match image C:\New Programs\Unity Projects (Git)\SushiMast\SushiMast\Library\PackageCache\com.unity.visualscripting@1.8.0\Editor\VisualScripting.Core\Dependencies\YamlDotNet\Unity.VisualScripting.YamlDotNet.dll
Symbol file LoadedFromMemory doesn't match image C:\New Programs\Unity Projects (Git)\SushiMast\SushiMast\Library\PackageCache\com.unity.visualscripting@1.8.0\Editor\VisualScripting.Core\Dependencies\DotNetZip\Unity.VisualScripting.IonicZip.dll
- Loaded All Assemblies, in  0.833 seconds
Refreshing native plugins compatible for Editor in 2.98 ms, found 3 plugins.
Native extension for WindowsStandalone target not found
Native extension for iOS target not found
Native extension for Android target not found
Native extension for WebGL target not found
Package Manager log level set to [2]
[Package Manager] Server::EnsureServerProcessIsRunning -- launch failed, reason: Unity was launched with the -noUpm command-line argument
[Package Manager] UpmClient::Send -- Unable to send message (not connected to UPM process).
[Package Manager] Cannot connect to Unity Package Manager local server
Mono: successfully reloaded assembly
- Finished resetting the current domain, in  0.639 seconds
Domain Reload Profiling: 1469ms
	BeginReloadAssembly (139ms)
		ExecutionOrderSort (0ms)
		DisableScriptedObjects (7ms)
		BackupInstance (0ms)
		ReleaseScriptingObjects (0ms)
		CreateAndSetChildDomain (25ms)
	RebuildCommonClasses (40ms)
	RebuildNativeTypeToScriptingClass (14ms)
	initialDomainReloadingComplete (48ms)
	LoadAllAssembliesAndSetupDomain (590ms)
		LoadAssemblies (283ms)
		RebuildTransferFunctionScriptingTraits (0ms)
		AnalyzeDomain (368ms)
			TypeCache.Refresh (346ms)
				TypeCache.ScanAssembly (331ms)
			ScanForSourceGeneratedMonoScriptInfo (16ms)
			ResolveRequiredComponents (6ms)
	FinalizeReload (639ms)
		ReleaseScriptCaches (0ms)
		RebuildScriptCaches (0ms)
		SetupLoadedEditorAssemblies (462ms)
			LogAssemblyErrors (0ms)
			InitializePlatformSupportModulesInManaged (40ms)
			SetLoadedEditorAssemblies (5ms)
			RefreshPlugins (0ms)
			BeforeProcessingInitializeOnLoad (68ms)
			ProcessInitializeOnLoadAttributes (322ms)
			ProcessInitializeOnLoadMethodAttributes (21ms)
			AfterProcessingInitializeOnLoad (6ms)
			EditorAssembliesLoaded (0ms)
		ExecutionOrderSort2 (0ms)
		AwakeInstancesAfterBackupRestoration (8ms)
Launched and connected shader compiler UnityShaderCompiler.exe after 0.04 seconds
Refreshing native plugins compatible for Editor in 2.88 ms, found 3 plugins.
Preloading 0 native plugins for Editor in 0.00 ms.
Unloading 3120 Unused Serialized files (Serialized files now loaded: 0)
Unloading 33 unused Assets / (57.3 KB). Loaded Objects now: 3590.
Memory consumption went from 126.2 MB to 126.2 MB.
Total: 3.384800 ms (FindLiveObjects: 0.250300 ms CreateObjectMapping: 0.202100 ms MarkObjects: 2.839800 ms  DeleteObjects: 0.091700 ms)

AssetImportParameters requested are different than current active one (requested -> active):
  custom:container-demuxer-ogg: 62fdf1f143b41e24485cea50d1cbac27 -> 
  custom:video-codec-MediaFoundation-h265: 746d11721c4dcdbdad8f713fa42b33f4 -> 
  custom:video-decoder-ogg-theora: a1e56fd34408186e4bbccfd4996cb3dc -> 
  custom:framework-win-MediaFoundation: 216162199b28c13a410421893ffa2e32 -> 
  custom:container-demuxer-webm: 4f35f7cbe854078d1ac9338744f61a02 -> 
  custom:container-muxer-webm: aa71ff27fc2769a1b78a27578f13a17b -> 
  custom:video-decoder-webm-vp8: 9c59270c3fd7afecdb556c50c9e8de78 -> 
  custom:AudioImporter_EditorPlatform: d09bf68614088b80899f8185d706f6e7 -> 
  custom:video-encoder-webm-vp8: eb34c28f22e8b96e1ab97ce403110664 -> 
  custom:audio-decoder-ogg-vorbis: bf7c407c2cedff20999df2af8eb42d56 -> 
  custom:audio-encoder-webm-vorbis: bf7c407c2cedff20999df2af8eb42d56 -> 
========================================================================
Received Import Request.
  Time since last request: 443780.219073 seconds.
  path: Assets/HappyBurgerShop/Prefabs/Customers/Customer-02.prefab
  artifactKey: Guid(1d157e884eb73e54fae1a83c4cd462ab) Importer(815301076,1909f56bfc062723c751e8b465ee728b)
Start importing Assets/HappyBurgerShop/Prefabs/Customers/Customer-02.prefab using Guid(1d157e884eb73e54fae1a83c4cd462ab) Importer(815301076,1909f56bfc062723c751e8b465ee728b)  -> (artifact id: '58e5033c841e313b24be1f07a98b9182') in 0.112364 seconds
Number of updated asset objects reloaded before import = 0
Number of asset objects unloaded after import = 179
========================================================================
Received Import Request.
  Time since last request: 6.648887 seconds.
  path: Assets/HappyBurgerShop/Prefabs/Customers/Customer-02.prefab
  artifactKey: Guid(1d157e884eb73e54fae1a83c4cd462ab) Importer(815301076,1909f56bfc062723c751e8b465ee728b)
Start importing Assets/HappyBurgerShop/Prefabs/Customers/Customer-02.prefab using Guid(1d157e884eb73e54fae1a83c4cd462ab) Importer(815301076,1909f56bfc062723c751e8b465ee728b)  -> (artifact id: 'dcfd6f91bf535589a908da77e3174e28') in 0.034789 seconds
Number of updated asset objects reloaded before import = 0
Number of asset objects unloaded after import = 179
========================================================================
Received Import Request.
  Time since last request: 0.000026 seconds.
  path: Assets/HappyBurgerShop/Prefabs/Customers/Customer-06.prefab
  artifactKey: Guid(9f7d647a30589d84eaabdd4a23938fd6) Importer(815301076,1909f56bfc062723c751e8b465ee728b)
Start importing Assets/HappyBurgerShop/Prefabs/Customers/Customer-06.prefab using Guid(9f7d647a30589d84eaabdd4a23938fd6) Importer(815301076,1909f56bfc062723c751e8b465ee728b)  -> (artifact id: 'fbc9a99b019be242a0b5503a6ab54848') in 0.029633 seconds
Number of updated asset objects reloaded before import = 0
Number of asset objects unloaded after import = 179
========================================================================
Received Import Request.
  Time since last request: 31.308562 seconds.
  path: Assets/HappyBurgerShop/Prefabs/Customers/Customer-02.prefab
  artifactKey: Guid(1d157e884eb73e54fae1a83c4cd462ab) Importer(815301076,1909f56bfc062723c751e8b465ee728b)
Start importing Assets/HappyBurgerShop/Prefabs/Customers/Customer-02.prefab using Guid(1d157e884eb73e54fae1a83c4cd462ab) Importer(815301076,1909f56bfc062723c751e8b465ee728b)  -> (artifact id: 'd01e6d311c705b25b5e2652e6e7c2761') in 0.034828 seconds
Number of updated asset objects reloaded before import = 0
Number of asset objects unloaded after import = 179
========================================================================
Received Import Request.
  Time since last request: 0.000035 seconds.
  path: Assets/HappyBurgerShop/Prefabs/Customers/Customer-08.prefab
  artifactKey: Guid(4f523ae1fc004364f98212daa5d91e15) Importer(815301076,1909f56bfc062723c751e8b465ee728b)
Start importing Assets/HappyBurgerShop/Prefabs/Customers/Customer-08.prefab using Guid(4f523ae1fc004364f98212daa5d91e15) Importer(815301076,1909f56bfc062723c751e8b465ee728b)  -> (artifact id: '3e5c0b3afc86c6f8805ca42d44ee899e') in 0.035940 seconds
Number of updated asset objects reloaded before import = 0
Number of asset objects unloaded after import = 179
========================================================================
Received Import Request.
  Time since last request: 0.000025 seconds.
  path: Assets/HappyBurgerShop/Prefabs/Customers/Customer-05.prefab
  artifactKey: Guid(b574eb5d2723f434998397d0d1844d51) Importer(815301076,1909f56bfc062723c751e8b465ee728b)
Start importing Assets/HappyBurgerShop/Prefabs/Customers/Customer-05.prefab using Guid(b574eb5d2723f434998397d0d1844d51) Importer(815301076,1909f56bfc062723c751e8b465ee728b)  -> (artifact id: 'f61300b20cc294a64ed17d3934af23f0') in 0.035135 seconds
Number of updated asset objects reloaded before import = 0
Number of asset objects unloaded after import = 179
========================================================================
Received Import Request.
  Time since last request: 23.432107 seconds.
  path: Assets/HappyBurgerShop/Prefabs/Customers/Customer-02.prefab
  artifactKey: Guid(1d157e884eb73e54fae1a83c4cd462ab) Importer(815301076,1909f56bfc062723c751e8b465ee728b)
Start importing Assets/HappyBurgerShop/Prefabs/Customers/Customer-02.prefab using Guid(1d157e884eb73e54fae1a83c4cd462ab) Importer(815301076,1909f56bfc062723c751e8b465ee728b)  -> (artifact id: '5d3cc59c00dfe14eab290433033c80d9') in 0.036599 seconds
Number of updated asset objects reloaded before import = 0
Number of asset objects unloaded after import = 179
========================================================================
Received Import Request.
  Time since last request: 0.000020 seconds.
  path: Assets/HappyBurgerShop/Prefabs/Customers/Customer-04.prefab
  artifactKey: Guid(7aea44774d98c1a43a861b92f2e644ce) Importer(815301076,1909f56bfc062723c751e8b465ee728b)
Start importing Assets/HappyBurgerShop/Prefabs/Customers/Customer-04.prefab using Guid(7aea44774d98c1a43a861b92f2e644ce) Importer(815301076,1909f56bfc062723c751e8b465ee728b)  -> (artifact id: 'edd4984e7223e888ce81e92b026f8d69') in 0.029345 seconds
Number of updated asset objects reloaded before import = 0
Number of asset objects unloaded after import = 179
========================================================================
Received Import Request.
  Time since last request: 7.682150 seconds.
  path: Assets/HappyBurgerShop/Prefabs/Customers/Customer-02.prefab
  artifactKey: Guid(1d157e884eb73e54fae1a83c4cd462ab) Importer(815301076,1909f56bfc062723c751e8b465ee728b)
Start importing Assets/HappyBurgerShop/Prefabs/Customers/Customer-02.prefab using Guid(1d157e884eb73e54fae1a83c4cd462ab) Importer(815301076,1909f56bfc062723c751e8b465ee728b)  -> (artifact id: '56e685fc633ff556eb84019d8911cd1d') in 0.034592 seconds
Number of updated asset objects reloaded before import = 0
Number of asset objects unloaded after import = 179
========================================================================
Received Import Request.
  Time since last request: 0.000018 seconds.
  path: Assets/HappyBurgerShop/Prefabs/Customers/Customer-08.prefab
  artifactKey: Guid(4f523ae1fc004364f98212daa5d91e15) Importer(815301076,1909f56bfc062723c751e8b465ee728b)
Start importing Assets/HappyBurgerShop/Prefabs/Customers/Customer-08.prefab using Guid(4f523ae1fc004364f98212daa5d91e15) Importer(815301076,1909f56bfc062723c751e8b465ee728b)  -> (artifact id: 'd94dbb3a9bcbc0d6cf42b26de73331e3') in 0.036416 seconds
Number of updated asset objects reloaded before import = 0
Number of asset objects unloaded after import = 179
========================================================================
Received Import Request.
  Time since last request: 0.000023 seconds.
  path: Assets/HappyBurgerShop/Prefabs/Customers/Customer-05.prefab
  artifactKey: Guid(b574eb5d2723f434998397d0d1844d51) Importer(815301076,1909f56bfc062723c751e8b465ee728b)
Start importing Assets/HappyBurgerShop/Prefabs/Customers/Customer-05.prefab using Guid(b574eb5d2723f434998397d0d1844d51) Importer(815301076,1909f56bfc062723c751e8b465ee728b)  -> (artifact id: '2082cb354406d31bd7d5e8b2961c7cbf') in 0.036977 seconds
Number of updated asset objects reloaded before import = 0
Number of asset objects unloaded after import = 179
========================================================================
Received Import Request.
  Time since last request: 17.162110 seconds.
  path: Assets/HappyBurgerShop/Prefabs/Customers/Customer-02.prefab
  artifactKey: Guid(1d157e884eb73e54fae1a83c4cd462ab) Importer(815301076,1909f56bfc062723c751e8b465ee728b)
Start importing Assets/HappyBurgerShop/Prefabs/Customers/Customer-02.prefab using Guid(1d157e884eb73e54fae1a83c4cd462ab) Importer(815301076,1909f56bfc062723c751e8b465ee728b)  -> (artifact id: 'cebcb865326330492af13d35f376397e') in 0.037882 seconds
Number of updated asset objects reloaded before import = 0
Number of asset objects unloaded after import = 179
========================================================================
Received Import Request.
  Time since last request: 0.000027 seconds.
  path: Assets/HappyBurgerShop/Prefabs/Customers/Customer-06.prefab
  artifactKey: Guid(9f7d647a30589d84eaabdd4a23938fd6) Importer(815301076,1909f56bfc062723c751e8b465ee728b)
Start importing Assets/HappyBurgerShop/Prefabs/Customers/Customer-06.prefab using Guid(9f7d647a30589d84eaabdd4a23938fd6) Importer(815301076,1909f56bfc062723c751e8b465ee728b)  -> (artifact id: '1ee2995f1b0d8ff6f9fbe40befe507ca') in 0.042326 seconds
Number of updated asset objects reloaded before import = 0
Number of asset objects unloaded after import = 179
========================================================================
Received Prepare
Begin MonoManager ReloadAssembly
Symbol file LoadedFromMemory doesn't match image C:\New Programs\Unity Projects (Git)\SushiMast\SushiMast\Library\PackageCache\com.unity.visualscripting@1.8.0\Editor\VisualScripting.Core\Dependencies\YamlDotNet\Unity.VisualScripting.YamlDotNet.dll
Symbol file LoadedFromMemory doesn't match image C:\New Programs\Unity Projects (Git)\SushiMast\SushiMast\Library\PackageCache\com.unity.visualscripting@1.8.0\Editor\VisualScripting.Core\Dependencies\DotNetZip\Unity.VisualScripting.IonicZip.dll
- Loaded All Assemblies, in  0.901 seconds
Refreshing native plugins compatible for Editor in 3.01 ms, found 3 plugins.
Native extension for WindowsStandalone target not found
Native extension for iOS target not found
Native extension for Android target not found
Native extension for WebGL target not found
[Package Manager] Server::EnsureServerProcessIsRunning -- launch failed, reason: Unity was launched with the -noUpm command-line argument
[Package Manager] UpmClient::Send -- Unable to send message (not connected to UPM process).
[Package Manager] Cannot connect to Unity Package Manager local server
Mono: successfully reloaded assembly
- Finished resetting the current domain, in  0.872 seconds
Domain Reload Profiling: 1770ms
	BeginReloadAssembly (176ms)
		ExecutionOrderSort (0ms)
		DisableScriptedObjects (6ms)
		BackupInstance (0ms)
		ReleaseScriptingObjects (0ms)
		CreateAndSetChildDomain (50ms)
	RebuildCommonClasses (41ms)
	RebuildNativeTypeToScriptingClass (17ms)
	initialDomainReloadingComplete (35ms)
	LoadAllAssembliesAndSetupDomain (628ms)
		LoadAssemblies (354ms)
		RebuildTransferFunctionScriptingTraits (0ms)
		AnalyzeDomain (353ms)
			TypeCache.Refresh (345ms)
				TypeCache.ScanAssembly (333ms)
			ScanForSourceGeneratedMonoScriptInfo (3ms)
			ResolveRequiredComponents (5ms)
	FinalizeReload (872ms)
		ReleaseScriptCaches (0ms)
		RebuildScriptCaches (0ms)
		SetupLoadedEditorAssemblies (450ms)
			LogAssemblyErrors (0ms)
			InitializePlatformSupportModulesInManaged (45ms)
			SetLoadedEditorAssemblies (5ms)
			RefreshPlugins (0ms)
			BeforeProcessingInitializeOnLoad (70ms)
			ProcessInitializeOnLoadAttributes (297ms)
			ProcessInitializeOnLoadMethodAttributes (27ms)
			AfterProcessingInitializeOnLoad (6ms)
			EditorAssembliesLoaded (0ms)
		ExecutionOrderSort2 (0ms)
		AwakeInstancesAfterBackupRestoration (9ms)
Refreshing native plugins compatible for Editor in 3.01 ms, found 3 plugins.
Preloading 0 native plugins for Editor in 0.00 ms.
Unloading 3097 Unused Serialized files (Serialized files now loaded: 0)
Unloading 25 unused Assets / (32.2 KB). Loaded Objects now: 3602.
Memory consumption went from 121.5 MB to 121.4 MB.
Total: 4.283800 ms (FindLiveObjects: 0.289600 ms CreateObjectMapping: 0.270500 ms MarkObjects: 3.671400 ms  DeleteObjects: 0.051000 ms)

Prepare: number of updated asset objects reloaded= 0
AssetImportParameters requested are different than current active one (requested -> active):
  custom:container-demuxer-ogg: 62fdf1f143b41e24485cea50d1cbac27 -> 
  custom:video-codec-MediaFoundation-h265: 746d11721c4dcdbdad8f713fa42b33f4 -> 
  custom:video-decoder-ogg-theora: a1e56fd34408186e4bbccfd4996cb3dc -> 
  custom:framework-win-MediaFoundation: 216162199b28c13a410421893ffa2e32 -> 
  custom:container-demuxer-webm: 4f35f7cbe854078d1ac9338744f61a02 -> 
  custom:container-muxer-webm: aa71ff27fc2769a1b78a27578f13a17b -> 
  custom:video-decoder-webm-vp8: 9c59270c3fd7afecdb556c50c9e8de78 -> 
  custom:AudioImporter_EditorPlatform: d09bf68614088b80899f8185d706f6e7 -> 
  custom:video-encoder-webm-vp8: eb34c28f22e8b96e1ab97ce403110664 -> 
  custom:audio-decoder-ogg-vorbis: bf7c407c2cedff20999df2af8eb42d56 -> 
  custom:audio-encoder-webm-vorbis: bf7c407c2cedff20999df2af8eb42d56 -> 
========================================================================
Received Prepare
Begin MonoManager ReloadAssembly
Symbol file LoadedFromMemory doesn't match image C:\New Programs\Unity Projects (Git)\SushiMast\SushiMast\Library\PackageCache\com.unity.visualscripting@1.8.0\Editor\VisualScripting.Core\Dependencies\YamlDotNet\Unity.VisualScripting.YamlDotNet.dll
Symbol file LoadedFromMemory doesn't match image C:\New Programs\Unity Projects (Git)\SushiMast\SushiMast\Library\PackageCache\com.unity.visualscripting@1.8.0\Editor\VisualScripting.Core\Dependencies\DotNetZip\Unity.VisualScripting.IonicZip.dll
- Loaded All Assemblies, in  1.077 seconds
Refreshing native plugins compatible for Editor in 6.51 ms, found 3 plugins.
Native extension for WindowsStandalone target not found
Native extension for iOS target not found
Native extension for Android target not found
Native extension for WebGL target not found
[Package Manager] Server::EnsureServerProcessIsRunning -- launch failed, reason: Unity was launched with the -noUpm command-line argument
[Package Manager] UpmClient::Send -- Unable to send message (not connected to UPM process).
[Package Manager] Cannot connect to Unity Package Manager local server
Mono: successfully reloaded assembly
- Finished resetting the current domain, in  2.015 seconds
Domain Reload Profiling: 3091ms
	BeginReloadAssembly (162ms)
		ExecutionOrderSort (0ms)
		DisableScriptedObjects (10ms)
		BackupInstance (0ms)
		ReleaseScriptingObjects (0ms)
		CreateAndSetChildDomain (42ms)
	RebuildCommonClasses (40ms)
	RebuildNativeTypeToScriptingClass (24ms)
	initialDomainReloadingComplete (91ms)
	LoadAllAssembliesAndSetupDomain (758ms)
		LoadAssemblies (280ms)
		RebuildTransferFunctionScriptingTraits (0ms)
		AnalyzeDomain (542ms)
			TypeCache.Refresh (530ms)
				TypeCache.ScanAssembly (506ms)
			ScanForSourceGeneratedMonoScriptInfo (0ms)
			ResolveRequiredComponents (11ms)
	FinalizeReload (2016ms)
		ReleaseScriptCaches (0ms)
		RebuildScriptCaches (0ms)
		SetupLoadedEditorAssemblies (1081ms)
			LogAssemblyErrors (0ms)
			InitializePlatformSupportModulesInManaged (93ms)
			SetLoadedEditorAssemblies (14ms)
			RefreshPlugins (0ms)
			BeforeProcessingInitializeOnLoad (165ms)
			ProcessInitializeOnLoadAttributes (738ms)
			ProcessInitializeOnLoadMethodAttributes (57ms)
			AfterProcessingInitializeOnLoad (13ms)
			EditorAssembliesLoaded (0ms)
		ExecutionOrderSort2 (0ms)
		AwakeInstancesAfterBackupRestoration (21ms)
Refreshing native plugins compatible for Editor in 6.93 ms, found 3 plugins.
Preloading 0 native plugins for Editor in 0.00 ms.
Unloading 3098 Unused Serialized files (Serialized files now loaded: 0)
Unloading 24 unused Assets / (31.8 KB). Loaded Objects now: 3605.
Memory consumption went from 121.7 MB to 121.7 MB.
Total: 8.353200 ms (FindLiveObjects: 0.819400 ms CreateObjectMapping: 1.122200 ms MarkObjects: 6.160600 ms  DeleteObjects: 0.247400 ms)

Prepare: number of updated asset objects reloaded= 0
AssetImportParameters requested are different than current active one (requested -> active):
  custom:container-demuxer-ogg: 62fdf1f143b41e24485cea50d1cbac27 -> 
  custom:video-codec-MediaFoundation-h265: 746d11721c4dcdbdad8f713fa42b33f4 -> 
  custom:video-decoder-ogg-theora: a1e56fd34408186e4bbccfd4996cb3dc -> 
  custom:framework-win-MediaFoundation: 216162199b28c13a410421893ffa2e32 -> 
  custom:container-demuxer-webm: 4f35f7cbe854078d1ac9338744f61a02 -> 
  custom:container-muxer-webm: aa71ff27fc2769a1b78a27578f13a17b -> 
  custom:video-decoder-webm-vp8: 9c59270c3fd7afecdb556c50c9e8de78 -> 
  custom:AudioImporter_EditorPlatform: d09bf68614088b80899f8185d706f6e7 -> 
  custom:video-encoder-webm-vp8: eb34c28f22e8b96e1ab97ce403110664 -> 
  custom:audio-decoder-ogg-vorbis: bf7c407c2cedff20999df2af8eb42d56 -> 
  custom:audio-encoder-webm-vorbis: bf7c407c2cedff20999df2af8eb42d56 -> 
Editor requested this worker to shutdown with reason: Scaling down because of idle timeout
TcpMessagingSession - receive error: operation aborted. errorcode: 995, details: ќпераци€ ввода/вывода была прервана из-за завершени€ потока команд или по запросу приложени€.
AssetImportWorker is now disconnected from the server
Process exiting
Exiting without the bug reporter. Application will terminate with return code 0