Using pre-set license
Built from '2022.3/staging' branch; Version is '2022.3.1f1 (f18e0c1b5784) revision 15830540'; Using compiler version '192829333'; Build Type 'Release'
OS: 'Windows 11  (10.0.22621) 64bit Professional' Language: 'ru' Physical Memory: 32449 MB
BatchMode: 1, IsHumanControllingUs: 0, StartBugReporterOnCrash: 0, Is64bit: 1, IsPro: 1

COMMAND LINE ARGUMENTS:
C:\New Programs\Unity Engine\2022.3.1f1\Editor\Unity.exe
-adb2
-batchMode
-noUpm
-name
AssetImportWorker1
-projectPath
C:/New Programs/Unity Projects (Git)/SushiMast/SushiMast
-logFile
Logs/AssetImportWorker1.log
-srvPort
53313
Successfully changed project path to: C:/New Programs/Unity Projects (Git)/SushiMast/SushiMast
C:/New Programs/Unity Projects (Git)/SushiMast/SushiMast
[UnityMemory] Configuration Parameters - Can be set up in boot.config
    "memorysetup-bucket-allocator-granularity=16"
    "memorysetup-bucket-allocator-bucket-count=8"
    "memorysetup-bucket-allocator-block-size=33554432"
    "memorysetup-bucket-allocator-block-count=8"
    "memorysetup-main-allocator-block-size=16777216"
    "memorysetup-thread-allocator-block-size=16777216"
    "memorysetup-gfx-main-allocator-block-size=16777216"
    "memorysetup-gfx-thread-allocator-block-size=16777216"
    "memorysetup-cache-allocator-block-size=4194304"
    "memorysetup-typetree-allocator-block-size=2097152"
    "memorysetup-profiler-bucket-allocator-granularity=16"
    "memorysetup-profiler-bucket-allocator-bucket-count=8"
    "memorysetup-profiler-bucket-allocator-block-size=33554432"
    "memorysetup-profiler-bucket-allocator-block-count=8"
    "memorysetup-profiler-allocator-block-size=16777216"
    "memorysetup-profiler-editor-allocator-block-size=1048576"
    "memorysetup-temp-allocator-size-main=16777216"
    "memorysetup-job-temp-allocator-block-size=2097152"
    "memorysetup-job-temp-allocator-block-size-background=1048576"
    "memorysetup-job-temp-allocator-reduction-small-platforms=262144"
    "memorysetup-allocator-temp-initial-block-size-main=262144"
    "memorysetup-allocator-temp-initial-block-size-worker=262144"
    "memorysetup-temp-allocator-size-background-worker=32768"
    "memorysetup-temp-allocator-size-job-worker=262144"
    "memorysetup-temp-allocator-size-preload-manager=33554432"
    "memorysetup-temp-allocator-size-nav-mesh-worker=65536"
    "memorysetup-temp-allocator-size-audio-worker=65536"
    "memorysetup-temp-allocator-size-cloud-worker=32768"
    "memorysetup-temp-allocator-size-gi-baking-worker=262144"
    "memorysetup-temp-allocator-size-gfx=262144"
Player connection [2936] Host "[IP] 10.0.11.236 [Port] 0 [Flags] 2 [Guid] 820369238 [EditorId] 820369238 [Version] 1048832 [Id] WindowsEditor(7,DESKTOP-MPH1GL2) [Debug] 1 [PackageName] WindowsEditor [ProjectName] Editor" joined multi-casting on [225.0.0.222:54997]...

Player connection [2936] Host "[IP] 10.0.11.236 [Port] 0 [Flags] 2 [Guid] 820369238 [EditorId] 820369238 [Version] 1048832 [Id] WindowsEditor(7,DESKTOP-MPH1GL2) [Debug] 1 [PackageName] WindowsEditor [ProjectName] Editor" joined alternative multi-casting on [225.0.0.222:34997]...

Refreshing native plugins compatible for Editor in 9.79 ms, found 3 plugins.
Preloading 0 native plugins for Editor in 0.00 ms.
Initialize engine version: 2022.3.1f1 (f18e0c1b5784)
[Subsystems] Discovering subsystems at path C:/New Programs/Unity Engine/2022.3.1f1/Editor/Data/Resources/UnitySubsystems
[Subsystems] Discovering subsystems at path C:/New Programs/Unity Projects (Git)/SushiMast/SushiMast/Assets
GfxDevice: creating device client; threaded=0; jobified=0
Direct3D:
    Version:  Direct3D 11.0 [level 11.1]
    Renderer: Intel(R) UHD Graphics 630 (ID=0x3e9b)
    Vendor:   Intel
    VRAM:     16224 MB
    Driver:   31.0.101.2111
Initialize mono
Mono path[0] = 'C:/New Programs/Unity Engine/2022.3.1f1/Editor/Data/Managed'
Mono path[1] = 'C:/New Programs/Unity Engine/2022.3.1f1/Editor/Data/MonoBleedingEdge/lib/mono/unityjit-win32'
Mono config path = 'C:/New Programs/Unity Engine/2022.3.1f1/Editor/Data/MonoBleedingEdge/etc'
Using monoOptions --debugger-agent=transport=dt_socket,embedding=1,server=y,suspend=n,address=127.0.0.1:56672
Begin MonoManager ReloadAssembly
Registering precompiled unity dll's ...
Register platform support module: C:/New Programs/Unity Engine/2022.3.1f1/Editor/Data/PlaybackEngines/WebGLSupport/UnityEditor.WebGL.Extensions.dll
Register platform support module: C:/New Programs/Unity Engine/2022.3.1f1/Editor/Data/PlaybackEngines/AndroidPlayer/UnityEditor.Android.Extensions.dll
Register platform support module: C:/New Programs/Unity Engine/2022.3.1f1/Editor/Data/PlaybackEngines/iOSSupport/UnityEditor.iOS.Extensions.dll
Register platform support module: C:/New Programs/Unity Engine/2022.3.1f1/Editor/Data/PlaybackEngines/WindowsStandaloneSupport/UnityEditor.WindowsStandalone.Extensions.dll
Registered in 0.011863 seconds.
- Loaded All Assemblies, in  0.519 seconds
Native extension for WindowsStandalone target not found
[usbmuxd] Start listen thread
[usbmuxd] Listen thread started
Native extension for iOS target not found
Native extension for Android target not found
Android Extension - Scanning For ADB Devices 409 ms
Native extension for WebGL target not found
Mono: successfully reloaded assembly
- Finished resetting the current domain, in  0.930 seconds
Domain Reload Profiling: 1448ms
	BeginReloadAssembly (122ms)
		ExecutionOrderSort (0ms)
		DisableScriptedObjects (0ms)
		BackupInstance (0ms)
		ReleaseScriptingObjects (0ms)
		CreateAndSetChildDomain (1ms)
	RebuildCommonClasses (54ms)
	RebuildNativeTypeToScriptingClass (17ms)
	initialDomainReloadingComplete (91ms)
	LoadAllAssembliesAndSetupDomain (234ms)
		LoadAssemblies (120ms)
		RebuildTransferFunctionScriptingTraits (0ms)
		AnalyzeDomain (226ms)
			TypeCache.Refresh (224ms)
				TypeCache.ScanAssembly (206ms)
			ScanForSourceGeneratedMonoScriptInfo (1ms)
			ResolveRequiredComponents (1ms)
	FinalizeReload (931ms)
		ReleaseScriptCaches (0ms)
		RebuildScriptCaches (0ms)
		SetupLoadedEditorAssemblies (839ms)
			LogAssemblyErrors (0ms)
			InitializePlatformSupportModulesInManaged (591ms)
			SetLoadedEditorAssemblies (6ms)
			RefreshPlugins (0ms)
			BeforeProcessingInitializeOnLoad (3ms)
			ProcessInitializeOnLoadAttributes (168ms)
			ProcessInitializeOnLoadMethodAttributes (72ms)
			AfterProcessingInitializeOnLoad (0ms)
			EditorAssembliesLoaded (0ms)
		ExecutionOrderSort2 (0ms)
		AwakeInstancesAfterBackupRestoration (0ms)
========================================================================
Worker process is ready to serve import requests
Begin MonoManager ReloadAssembly
Symbol file LoadedFromMemory doesn't match image C:\New Programs\Unity Projects (Git)\SushiMast\SushiMast\Library\PackageCache\com.unity.visualscripting@1.8.0\Editor\VisualScripting.Core\Dependencies\YamlDotNet\Unity.VisualScripting.YamlDotNet.dll
Symbol file LoadedFromMemory doesn't match image C:\New Programs\Unity Projects (Git)\SushiMast\SushiMast\Library\PackageCache\com.unity.visualscripting@1.8.0\Editor\VisualScripting.Core\Dependencies\DotNetZip\Unity.VisualScripting.IonicZip.dll
- Loaded All Assemblies, in  1.047 seconds
Refreshing native plugins compatible for Editor in 3.18 ms, found 3 plugins.
Native extension for WindowsStandalone target not found
Native extension for iOS target not found
Native extension for Android target not found
Native extension for WebGL target not found
Package Manager log level set to [2]
[Package Manager] Server::EnsureServerProcessIsRunning -- launch failed, reason: Unity was launched with the -noUpm command-line argument
[Package Manager] UpmClient::Send -- Unable to send message (not connected to UPM process).
[Package Manager] Cannot connect to Unity Package Manager local server
Mono: successfully reloaded assembly
- Finished resetting the current domain, in  0.722 seconds
Domain Reload Profiling: 1766ms
	BeginReloadAssembly (182ms)
		ExecutionOrderSort (0ms)
		DisableScriptedObjects (8ms)
		BackupInstance (0ms)
		ReleaseScriptingObjects (0ms)
		CreateAndSetChildDomain (29ms)
	RebuildCommonClasses (53ms)
	RebuildNativeTypeToScriptingClass (17ms)
	initialDomainReloadingComplete (66ms)
	LoadAllAssembliesAndSetupDomain (726ms)
		LoadAssemblies (362ms)
		RebuildTransferFunctionScriptingTraits (0ms)
		AnalyzeDomain (453ms)
			TypeCache.Refresh (426ms)
				TypeCache.ScanAssembly (407ms)
			ScanForSourceGeneratedMonoScriptInfo (19ms)
			ResolveRequiredComponents (7ms)
	FinalizeReload (722ms)
		ReleaseScriptCaches (0ms)
		RebuildScriptCaches (0ms)
		SetupLoadedEditorAssemblies (521ms)
			LogAssemblyErrors (0ms)
			InitializePlatformSupportModulesInManaged (45ms)
			SetLoadedEditorAssemblies (5ms)
			RefreshPlugins (0ms)
			BeforeProcessingInitializeOnLoad (75ms)
			ProcessInitializeOnLoadAttributes (366ms)
			ProcessInitializeOnLoadMethodAttributes (23ms)
			AfterProcessingInitializeOnLoad (7ms)
			EditorAssembliesLoaded (0ms)
		ExecutionOrderSort2 (0ms)
		AwakeInstancesAfterBackupRestoration (9ms)
Launched and connected shader compiler UnityShaderCompiler.exe after 0.05 seconds
Refreshing native plugins compatible for Editor in 3.08 ms, found 3 plugins.
Preloading 0 native plugins for Editor in 0.00 ms.
Unloading 3120 Unused Serialized files (Serialized files now loaded: 0)
Unloading 33 unused Assets / (57.3 KB). Loaded Objects now: 3590.
Memory consumption went from 126.2 MB to 126.1 MB.
Total: 3.701400 ms (FindLiveObjects: 0.283000 ms CreateObjectMapping: 0.257300 ms MarkObjects: 3.047400 ms  DeleteObjects: 0.112700 ms)

AssetImportParameters requested are different than current active one (requested -> active):
  custom:container-demuxer-ogg: 62fdf1f143b41e24485cea50d1cbac27 -> 
  custom:video-codec-MediaFoundation-h265: 746d11721c4dcdbdad8f713fa42b33f4 -> 
  custom:video-decoder-ogg-theora: a1e56fd34408186e4bbccfd4996cb3dc -> 
  custom:framework-win-MediaFoundation: 216162199b28c13a410421893ffa2e32 -> 
  custom:container-demuxer-webm: 4f35f7cbe854078d1ac9338744f61a02 -> 
  custom:container-muxer-webm: aa71ff27fc2769a1b78a27578f13a17b -> 
  custom:video-decoder-webm-vp8: 9c59270c3fd7afecdb556c50c9e8de78 -> 
  custom:AudioImporter_EditorPlatform: d09bf68614088b80899f8185d706f6e7 -> 
  custom:video-encoder-webm-vp8: eb34c28f22e8b96e1ab97ce403110664 -> 
  custom:audio-decoder-ogg-vorbis: bf7c407c2cedff20999df2af8eb42d56 -> 
  custom:audio-encoder-webm-vorbis: bf7c407c2cedff20999df2af8eb42d56 -> 
========================================================================
Received Prepare
Begin MonoManager ReloadAssembly
Symbol file LoadedFromMemory doesn't match image C:\New Programs\Unity Projects (Git)\SushiMast\SushiMast\Library\PackageCache\com.unity.visualscripting@1.8.0\Editor\VisualScripting.Core\Dependencies\YamlDotNet\Unity.VisualScripting.YamlDotNet.dll
Symbol file LoadedFromMemory doesn't match image C:\New Programs\Unity Projects (Git)\SushiMast\SushiMast\Library\PackageCache\com.unity.visualscripting@1.8.0\Editor\VisualScripting.Core\Dependencies\DotNetZip\Unity.VisualScripting.IonicZip.dll
- Loaded All Assemblies, in  0.885 seconds
Refreshing native plugins compatible for Editor in 3.53 ms, found 3 plugins.
Native extension for WindowsStandalone target not found
Native extension for iOS target not found
Native extension for Android target not found
Native extension for WebGL target not found
[Package Manager] Server::EnsureServerProcessIsRunning -- launch failed, reason: Unity was launched with the -noUpm command-line argument
[Package Manager] UpmClient::Send -- Unable to send message (not connected to UPM process).
[Package Manager] Cannot connect to Unity Package Manager local server
Mono: successfully reloaded assembly
- Finished resetting the current domain, in  1.747 seconds
Domain Reload Profiling: 2630ms
	BeginReloadAssembly (171ms)
		ExecutionOrderSort (0ms)
		DisableScriptedObjects (8ms)
		BackupInstance (0ms)
		ReleaseScriptingObjects (0ms)
		CreateAndSetChildDomain (43ms)
	RebuildCommonClasses (44ms)
	RebuildNativeTypeToScriptingClass (15ms)
	initialDomainReloadingComplete (36ms)
	LoadAllAssembliesAndSetupDomain (616ms)
		LoadAssemblies (303ms)
		RebuildTransferFunctionScriptingTraits (0ms)
		AnalyzeDomain (388ms)
			TypeCache.Refresh (382ms)
				TypeCache.ScanAssembly (368ms)
			ScanForSourceGeneratedMonoScriptInfo (0ms)
			ResolveRequiredComponents (6ms)
	FinalizeReload (1748ms)
		ReleaseScriptCaches (0ms)
		RebuildScriptCaches (0ms)
		SetupLoadedEditorAssemblies (1109ms)
			LogAssemblyErrors (0ms)
			InitializePlatformSupportModulesInManaged (95ms)
			SetLoadedEditorAssemblies (13ms)
			RefreshPlugins (0ms)
			BeforeProcessingInitializeOnLoad (155ms)
			ProcessInitializeOnLoadAttributes (774ms)
			ProcessInitializeOnLoadMethodAttributes (59ms)
			AfterProcessingInitializeOnLoad (11ms)
			EditorAssembliesLoaded (0ms)
		ExecutionOrderSort2 (0ms)
		AwakeInstancesAfterBackupRestoration (23ms)
Refreshing native plugins compatible for Editor in 9.50 ms, found 3 plugins.
Preloading 0 native plugins for Editor in 0.00 ms.
Unloading 3099 Unused Serialized files (Serialized files now loaded: 0)
Unloading 24 unused Assets / (31.7 KB). Loaded Objects now: 3593.
Memory consumption went from 121.4 MB to 121.4 MB.
Total: 7.100400 ms (FindLiveObjects: 0.469000 ms CreateObjectMapping: 0.673000 ms MarkObjects: 5.825500 ms  DeleteObjects: 0.130500 ms)

Prepare: number of updated asset objects reloaded= 0
AssetImportParameters requested are different than current active one (requested -> active):
  custom:container-demuxer-ogg: 62fdf1f143b41e24485cea50d1cbac27 -> 
  custom:video-codec-MediaFoundation-h265: 746d11721c4dcdbdad8f713fa42b33f4 -> 
  custom:video-decoder-ogg-theora: a1e56fd34408186e4bbccfd4996cb3dc -> 
  custom:framework-win-MediaFoundation: 216162199b28c13a410421893ffa2e32 -> 
  custom:container-demuxer-webm: 4f35f7cbe854078d1ac9338744f61a02 -> 
  custom:container-muxer-webm: aa71ff27fc2769a1b78a27578f13a17b -> 
  custom:video-decoder-webm-vp8: 9c59270c3fd7afecdb556c50c9e8de78 -> 
  custom:AudioImporter_EditorPlatform: d09bf68614088b80899f8185d706f6e7 -> 
  custom:video-encoder-webm-vp8: eb34c28f22e8b96e1ab97ce403110664 -> 
  custom:audio-decoder-ogg-vorbis: bf7c407c2cedff20999df2af8eb42d56 -> 
  custom:audio-encoder-webm-vorbis: bf7c407c2cedff20999df2af8eb42d56 -> 
========================================================================
Received Prepare
Begin MonoManager ReloadAssembly
Symbol file LoadedFromMemory doesn't match image C:\New Programs\Unity Projects (Git)\SushiMast\SushiMast\Library\PackageCache\com.unity.visualscripting@1.8.0\Editor\VisualScripting.Core\Dependencies\YamlDotNet\Unity.VisualScripting.YamlDotNet.dll
Symbol file LoadedFromMemory doesn't match image C:\New Programs\Unity Projects (Git)\SushiMast\SushiMast\Library\PackageCache\com.unity.visualscripting@1.8.0\Editor\VisualScripting.Core\Dependencies\DotNetZip\Unity.VisualScripting.IonicZip.dll
- Loaded All Assemblies, in  0.849 seconds
Refreshing native plugins compatible for Editor in 3.11 ms, found 3 plugins.
Native extension for WindowsStandalone target not found
Native extension for iOS target not found
Native extension for Android target not found
Native extension for WebGL target not found
[Package Manager] Server::EnsureServerProcessIsRunning -- launch failed, reason: Unity was launched with the -noUpm command-line argument
[Package Manager] UpmClient::Send -- Unable to send message (not connected to UPM process).
[Package Manager] Cannot connect to Unity Package Manager local server
Mono: successfully reloaded assembly
- Finished resetting the current domain, in  1.767 seconds
Domain Reload Profiling: 2614ms
	BeginReloadAssembly (169ms)
		ExecutionOrderSort (0ms)
		DisableScriptedObjects (8ms)
		BackupInstance (0ms)
		ReleaseScriptingObjects (0ms)
		CreateAndSetChildDomain (43ms)
	RebuildCommonClasses (45ms)
	RebuildNativeTypeToScriptingClass (15ms)
	initialDomainReloadingComplete (34ms)
	LoadAllAssembliesAndSetupDomain (582ms)
		LoadAssemblies (297ms)
		RebuildTransferFunctionScriptingTraits (0ms)
		AnalyzeDomain (362ms)
			TypeCache.Refresh (356ms)
				TypeCache.ScanAssembly (343ms)
			ScanForSourceGeneratedMonoScriptInfo (0ms)
			ResolveRequiredComponents (6ms)
	FinalizeReload (1768ms)
		ReleaseScriptCaches (0ms)
		RebuildScriptCaches (0ms)
		SetupLoadedEditorAssemblies (1130ms)
			LogAssemblyErrors (0ms)
			InitializePlatformSupportModulesInManaged (115ms)
			SetLoadedEditorAssemblies (13ms)
			RefreshPlugins (0ms)
			BeforeProcessingInitializeOnLoad (166ms)
			ProcessInitializeOnLoadAttributes (763ms)
			ProcessInitializeOnLoadMethodAttributes (60ms)
			AfterProcessingInitializeOnLoad (13ms)
			EditorAssembliesLoaded (0ms)
		ExecutionOrderSort2 (0ms)
		AwakeInstancesAfterBackupRestoration (21ms)
Refreshing native plugins compatible for Editor in 7.21 ms, found 3 plugins.
Preloading 0 native plugins for Editor in 0.00 ms.
Unloading 3099 Unused Serialized files (Serialized files now loaded: 0)
Unloading 24 unused Assets / (31.7 KB). Loaded Objects now: 3596.
Memory consumption went from 121.4 MB to 121.4 MB.
Total: 6.883400 ms (FindLiveObjects: 0.571900 ms CreateObjectMapping: 0.555200 ms MarkObjects: 5.683700 ms  DeleteObjects: 0.070800 ms)

Prepare: number of updated asset objects reloaded= 0
AssetImportParameters requested are different than current active one (requested -> active):
  custom:container-demuxer-ogg: 62fdf1f143b41e24485cea50d1cbac27 -> 
  custom:video-codec-MediaFoundation-h265: 746d11721c4dcdbdad8f713fa42b33f4 -> 
  custom:video-decoder-ogg-theora: a1e56fd34408186e4bbccfd4996cb3dc -> 
  custom:framework-win-MediaFoundation: 216162199b28c13a410421893ffa2e32 -> 
  custom:container-demuxer-webm: 4f35f7cbe854078d1ac9338744f61a02 -> 
  custom:container-muxer-webm: aa71ff27fc2769a1b78a27578f13a17b -> 
  custom:video-decoder-webm-vp8: 9c59270c3fd7afecdb556c50c9e8de78 -> 
  custom:AudioImporter_EditorPlatform: d09bf68614088b80899f8185d706f6e7 -> 
  custom:video-encoder-webm-vp8: eb34c28f22e8b96e1ab97ce403110664 -> 
  custom:audio-decoder-ogg-vorbis: bf7c407c2cedff20999df2af8eb42d56 -> 
  custom:audio-encoder-webm-vorbis: bf7c407c2cedff20999df2af8eb42d56 -> 
========================================================================
Received Import Request.
  Time since last request: 57537.504927 seconds.
  path: Assets/HappyBurgerShop/Materials/Customers/Customer-01-s1.mat
  artifactKey: Guid(2dc61ac1a6d54534d9cf4aefc31571cf) Importer(815301076,1909f56bfc062723c751e8b465ee728b)
Start importing Assets/HappyBurgerShop/Materials/Customers/Customer-01-s1.mat using Guid(2dc61ac1a6d54534d9cf4aefc31571cf) Importer(815301076,1909f56bfc062723c751e8b465ee728b)  -> (artifact id: '05e56f0a008f6b98ace3627883137abf') in 0.118468 seconds
Number of updated asset objects reloaded before import = 0
Number of asset objects unloaded after import = 2
========================================================================
Received Import Request.
  Time since last request: 0.000028 seconds.
  path: Assets/HappyBurgerShop/Materials/Customers/Customer-05-s2.mat
  artifactKey: Guid(0b06718cd6dfe5043b93c5025ecdf6ce) Importer(815301076,1909f56bfc062723c751e8b465ee728b)
Start importing Assets/HappyBurgerShop/Materials/Customers/Customer-05-s2.mat using Guid(0b06718cd6dfe5043b93c5025ecdf6ce) Importer(815301076,1909f56bfc062723c751e8b465ee728b)  -> (artifact id: 'b02e867a18ad81bb01bc364cf759fb02') in 0.010403 seconds
Number of updated asset objects reloaded before import = 0
Number of asset objects unloaded after import = 2
========================================================================
Received Import Request.
  Time since last request: 0.000020 seconds.
  path: Assets/HappyBurgerShop/Materials/Customers/Customer-07-s3.mat
  artifactKey: Guid(8d4c0c7cda78e5d43b5c9af84e3091f7) Importer(815301076,1909f56bfc062723c751e8b465ee728b)
Start importing Assets/HappyBurgerShop/Materials/Customers/Customer-07-s3.mat using Guid(8d4c0c7cda78e5d43b5c9af84e3091f7) Importer(815301076,1909f56bfc062723c751e8b465ee728b)  -> (artifact id: 'b8c5341838971954c47b69aa0c59e1b7') in 0.010869 seconds
Number of updated asset objects reloaded before import = 0
Number of asset objects unloaded after import = 2
========================================================================
Received Import Request.
  Time since last request: 0.000031 seconds.
  path: Assets/HappyBurgerShop/Materials/Customers/Customer-04-s1.mat
  artifactKey: Guid(a1b35202c23797e4ebe5f6db88701704) Importer(815301076,1909f56bfc062723c751e8b465ee728b)
Start importing Assets/HappyBurgerShop/Materials/Customers/Customer-04-s1.mat using Guid(a1b35202c23797e4ebe5f6db88701704) Importer(815301076,1909f56bfc062723c751e8b465ee728b)  -> (artifact id: 'd064c398c5d704f49e3fb15e106ab784') in 0.010663 seconds
Number of updated asset objects reloaded before import = 0
Number of asset objects unloaded after import = 2
========================================================================
Received Import Request.
  Time since last request: 0.000025 seconds.
  path: Assets/HappyBurgerShop/Materials/Customers/Customer-07-s0.mat
  artifactKey: Guid(aef2758dcc22b5c4aaf181574c66b41a) Importer(815301076,1909f56bfc062723c751e8b465ee728b)
Start importing Assets/HappyBurgerShop/Materials/Customers/Customer-07-s0.mat using Guid(aef2758dcc22b5c4aaf181574c66b41a) Importer(815301076,1909f56bfc062723c751e8b465ee728b)  -> (artifact id: 'c81fda3236026ca83d69e2a7347e6579') in 0.014642 seconds
Number of updated asset objects reloaded before import = 0
Number of asset objects unloaded after import = 2
========================================================================
Received Import Request.
  Time since last request: 0.000015 seconds.
  path: Assets/HappyBurgerShop/Materials/Customers/Customer-03-s3.mat
  artifactKey: Guid(e1c79f6c14720b24090794c260e88a1b) Importer(815301076,1909f56bfc062723c751e8b465ee728b)
Start importing Assets/HappyBurgerShop/Materials/Customers/Customer-03-s3.mat using Guid(e1c79f6c14720b24090794c260e88a1b) Importer(815301076,1909f56bfc062723c751e8b465ee728b)  -> (artifact id: '7c2b8459a438424061d3d96e3cc7997c') in 0.009451 seconds
Number of updated asset objects reloaded before import = 0
Number of asset objects unloaded after import = 2
========================================================================
Received Import Request.
  Time since last request: 0.000032 seconds.
  path: Assets/HappyBurgerShop/Materials/Customers/Customer-04-s2.mat
  artifactKey: Guid(24f3d4c4d863b054ca36e26e94fbc175) Importer(815301076,1909f56bfc062723c751e8b465ee728b)
Start importing Assets/HappyBurgerShop/Materials/Customers/Customer-04-s2.mat using Guid(24f3d4c4d863b054ca36e26e94fbc175) Importer(815301076,1909f56bfc062723c751e8b465ee728b)  -> (artifact id: 'd512a610c93524184aaa19721d41411c') in 0.008604 seconds
Number of updated asset objects reloaded before import = 0
Number of asset objects unloaded after import = 2
========================================================================
Received Import Request.
  Time since last request: 0.000017 seconds.
  path: Assets/HappyBurgerShop/Materials/Customers/Customer-07-s1.mat
  artifactKey: Guid(f24ed89dcaea3e34c82353ee680647d2) Importer(815301076,1909f56bfc062723c751e8b465ee728b)
Start importing Assets/HappyBurgerShop/Materials/Customers/Customer-07-s1.mat using Guid(f24ed89dcaea3e34c82353ee680647d2) Importer(815301076,1909f56bfc062723c751e8b465ee728b)  -> (artifact id: '1480ed8f65bd05de79b88d1d61642c31') in 0.009874 seconds
Number of updated asset objects reloaded before import = 0
Number of asset objects unloaded after import = 2
========================================================================
Received Import Request.
  Time since last request: 0.000018 seconds.
  path: Assets/HappyBurgerShop/Materials/Customers/Customer-02-s1.mat
  artifactKey: Guid(850902483ca3f8145a3915b9bd9de9ee) Importer(815301076,1909f56bfc062723c751e8b465ee728b)
Start importing Assets/HappyBurgerShop/Materials/Customers/Customer-02-s1.mat using Guid(850902483ca3f8145a3915b9bd9de9ee) Importer(815301076,1909f56bfc062723c751e8b465ee728b)  -> (artifact id: '6dfdc6702ae389f9d43bf77ded38f0d4') in 0.012577 seconds
Number of updated asset objects reloaded before import = 0
Number of asset objects unloaded after import = 2
========================================================================
Received Import Request.
  Time since last request: 0.000018 seconds.
  path: Assets/HappyBurgerShop/Materials/Customers/Customer-07-s2.mat
  artifactKey: Guid(7d1c7cdf1dcb13e4bace97c3d56bd8d9) Importer(815301076,1909f56bfc062723c751e8b465ee728b)
Start importing Assets/HappyBurgerShop/Materials/Customers/Customer-07-s2.mat using Guid(7d1c7cdf1dcb13e4bace97c3d56bd8d9) Importer(815301076,1909f56bfc062723c751e8b465ee728b)  -> (artifact id: '23bf709bb6fbc1c0f35ea1466b50ece5') in 0.008803 seconds
Number of updated asset objects reloaded before import = 0
Number of asset objects unloaded after import = 2
========================================================================
Received Import Request.
  Time since last request: 0.000019 seconds.
  path: Assets/HappyBurgerShop/Materials/Customers/Customer-08-s1.mat
  artifactKey: Guid(e8cc67e7468e61e49b50b6f90a43e442) Importer(815301076,1909f56bfc062723c751e8b465ee728b)
Start importing Assets/HappyBurgerShop/Materials/Customers/Customer-08-s1.mat using Guid(e8cc67e7468e61e49b50b6f90a43e442) Importer(815301076,1909f56bfc062723c751e8b465ee728b)  -> (artifact id: '4d1548fbdf0a2ec33a3857966ae4850f') in 0.010472 seconds
Number of updated asset objects reloaded before import = 0
Number of asset objects unloaded after import = 2
========================================================================
Received Import Request.
  Time since last request: 0.000016 seconds.
  path: Assets/HappyBurgerShop/Materials/Customers/Customer-03-s2.mat
  artifactKey: Guid(43d391b8f9aeabb45a1970219d2164dc) Importer(815301076,1909f56bfc062723c751e8b465ee728b)
Start importing Assets/HappyBurgerShop/Materials/Customers/Customer-03-s2.mat using Guid(43d391b8f9aeabb45a1970219d2164dc) Importer(815301076,1909f56bfc062723c751e8b465ee728b)  -> (artifact id: '45009ffed6ff88b5cb98de9bde241c0f') in 0.007122 seconds
Number of updated asset objects reloaded before import = 0
Number of asset objects unloaded after import = 2
========================================================================
Received Import Request.
  Time since last request: 0.000016 seconds.
  path: Assets/HappyBurgerShop/Materials/Customers/Customer-08-s0.mat
  artifactKey: Guid(cd94ecece0539014b9a93fd99b5b6b0c) Importer(815301076,1909f56bfc062723c751e8b465ee728b)
Start importing Assets/HappyBurgerShop/Materials/Customers/Customer-08-s0.mat using Guid(cd94ecece0539014b9a93fd99b5b6b0c) Importer(815301076,1909f56bfc062723c751e8b465ee728b)  -> (artifact id: '2b367fe696c41e7d26662a881ac21e8c') in 0.009889 seconds
Number of updated asset objects reloaded before import = 0
Number of asset objects unloaded after import = 2
========================================================================
Received Import Request.
  Time since last request: 0.000018 seconds.
  path: Assets/HappyBurgerShop/Materials/Customers/Customer-05-s0.mat
  artifactKey: Guid(ddda25a97a09f1b41b12dfdd74894f78) Importer(815301076,1909f56bfc062723c751e8b465ee728b)
Start importing Assets/HappyBurgerShop/Materials/Customers/Customer-05-s0.mat using Guid(ddda25a97a09f1b41b12dfdd74894f78) Importer(815301076,1909f56bfc062723c751e8b465ee728b)  -> (artifact id: '8a9ec5cada922214a9e14e4c55288ab7') in 0.015209 seconds
Number of updated asset objects reloaded before import = 0
Number of asset objects unloaded after import = 2
========================================================================
Received Import Request.
  Time since last request: 0.000015 seconds.
  path: Assets/HappyBurgerShop/Materials/Customers/Customer-03-s1.mat
  artifactKey: Guid(5444324652982a746b7e78bc76e15784) Importer(815301076,1909f56bfc062723c751e8b465ee728b)
Start importing Assets/HappyBurgerShop/Materials/Customers/Customer-03-s1.mat using Guid(5444324652982a746b7e78bc76e15784) Importer(815301076,1909f56bfc062723c751e8b465ee728b)  -> (artifact id: '3daf976acc61725768e50e58c7505a41') in 0.017016 seconds
Number of updated asset objects reloaded before import = 0
Number of asset objects unloaded after import = 2
Editor requested this worker to shutdown with reason: Scaling down because of idle timeout
TcpMessagingSession - receive error: operation aborted. errorcode: 995, details: ќпераци€ ввода/вывода была прервана из-за завершени€ потока команд или по запросу приложени€.
AssetImportWorker is now disconnected from the server
Process exiting
Exiting without the bug reporter. Application will terminate with return code 0